<?xml version="1.0" encoding="UTF-8"?>
<!-- Generated by org.testng.reporters.JUnitReportReporter -->
<testsuite name="com.orangeHRM.test.LoginTest" tests="1" time="35.995" ignored="0" failures="0" timestamp="06 Jul 2019 08:10:38 GMT" skipped="0" hostname="hp-HP" errors="0">
  <testcase name="verifyValidLogin" time="35.995" classname="com.orangeHRM.test.LoginTest"/>
</testsuite> <!-- com.orangeHRM.test.LoginTest -->
